HELLO2015-07-23 12:45:01.489459
('Testing submission ', 2)
-1
-----------------------------------------------------------------
('Testing submission ', 3)
-1
-----------------------------------------------------------------
('Testing submission ', 4)
-1
-----------------------------------------------------------------
('Testing submission ', 5)
-1
-----------------------------------------------------------------
('Testing submission ', 6)
-1
-----------------------------------------------------------------
('Testing submission ', 7)
-1
-----------------------------------------------------------------
('Testing submission ', 8)
-1
-----------------------------------------------------------------
('Testing submission ', 9)
-1
-----------------------------------------------------------------
('Testing submission ', 10)
-1
-----------------------------------------------------------------
('Testing submission ', 11)
-1
-----------------------------------------------------------------
('Testing submission ', 12)
-1
-----------------------------------------------------------------
('Testing submission ', 13)
-1
-----------------------------------------------------------------
('Testing submission ', 14)
0
-----------------------------------------------------------------
('Testing submission ', 15)
-1
-----------------------------------------------------------------
('Testing submission ', 16)
-1
-----------------------------------------------------------------
('Testing submission ', 17)
-1
-----------------------------------------------------------------
('Testing submission ', 18)
-1
-----------------------------------------------------------------
('Testing submission ', 19)
-1
-----------------------------------------------------------------
('Testing submission ', 20)
0
-----------------------------------------------------------------
HELLO2015-07-23 12:48:01.969825
('Testing submission ', 2)
-1
-----------------------------------------------------------------
('Testing submission ', 3)
-1
-----------------------------------------------------------------
('Testing submission ', 4)
-1
-----------------------------------------------------------------
('Testing submission ', 5)
-1
NONE OMG THIS WORKS
-----------------------------------------------------------------
('Testing submission ', 6)
-1
-----------------------------------------------------------------
('Testing submission ', 7)
-1
-----------------------------------------------------------------
('Testing submission ', 8)
-1
-----------------------------------------------------------------
('Testing submission ', 9)
-1
-----------------------------------------------------------------
('Testing submission ', 10)
-1
-----------------------------------------------------------------
('Testing submission ', 11)
-1
-----------------------------------------------------------------
('Testing submission ', 12)
-1
-----------------------------------------------------------------
('Testing submission ', 13)
-1
-----------------------------------------------------------------
('Testing submission ', 14)
0
-----------------------------------------------------------------
('Testing submission ', 15)
-1
-----------------------------------------------------------------
('Testing submission ', 16)
-1
-----------------------------------------------------------------
('Testing submission ', 17)
-1
-----------------------------------------------------------------
('Testing submission ', 18)
-1
-----------------------------------------------------------------
('Testing submission ', 19)
-1
-----------------------------------------------------------------
('Testing submission ', 20)
0
-----------------------------------------------------------------
HELLO2015-07-23 12:51:01.373460
('Testing submission ', 2)
-1
-----------------------------------------------------------------
('Testing submission ', 3)
-1
-----------------------------------------------------------------
('Testing submission ', 4)
-1
-----------------------------------------------------------------
('Testing submission ', 5)
-1
-----------------------------------------------------------------
('Testing submission ', 6)
-1
-----------------------------------------------------------------
('Testing submission ', 7)
-1
-----------------------------------------------------------------
('Testing submission ', 8)
-1
-----------------------------------------------------------------
('Testing submission ', 9)
-1
-----------------------------------------------------------------
('Testing submission ', 10)
-1
-----------------------------------------------------------------
('Testing submission ', 11)
-1
-----------------------------------------------------------------
('Testing submission ', 12)
-1
-----------------------------------------------------------------
('Testing submission ', 13)
-1
-----------------------------------------------------------------
('Testing submission ', 14)
0
-----------------------------------------------------------------
('Testing submission ', 15)
-1
-----------------------------------------------------------------
('Testing submission ', 16)
-1
-----------------------------------------------------------------
('Testing submission ', 17)
-1
-----------------------------------------------------------------
('Testing submission ', 18)
-1
-----------------------------------------------------------------
('Testing submission ', 19)
-1
NONE OMG THIS WORKS
NONE OMG THIS WORKS
-----------------------------------------------------------------
('Testing submission ', 20)
0
-----------------------------------------------------------------
HELLO2015-07-23 12:54:01.891862
('Testing submission ', 2)
-1
-----------------------------------------------------------------
('Testing submission ', 3)
-1
NONE OMG THIS WORKS
NONE OMG THIS WORKS
-----------------------------------------------------------------
('Testing submission ', 4)
-1
-----------------------------------------------------------------
('Testing submission ', 5)
-1
-----------------------------------------------------------------
('Testing submission ', 6)
-1
-----------------------------------------------------------------
('Testing submission ', 7)
-1
-----------------------------------------------------------------
('Testing submission ', 8)
-1
-----------------------------------------------------------------
('Testing submission ', 9)
-1
-----------------------------------------------------------------
('Testing submission ', 10)
-1
NONE OMG THIS WORKS
-----------------------------------------------------------------
('Testing submission ', 11)
-1
-----------------------------------------------------------------
('Testing submission ', 12)
-1
-----------------------------------------------------------------
('Testing submission ', 13)
-1
-----------------------------------------------------------------
('Testing submission ', 14)
0
-----------------------------------------------------------------
('Testing submission ', 15)
-1
-----------------------------------------------------------------
('Testing submission ', 16)
-1
-----------------------------------------------------------------
('Testing submission ', 17)
-1
-----------------------------------------------------------------
('Testing submission ', 18)
-1
-----------------------------------------------------------------
('Testing submission ', 19)
-1
-----------------------------------------------------------------
('Testing submission ', 20)
0
-----------------------------------------------------------------
HELLO2015-07-23 12:57:01.292943
('Testing submission ', 2)
-1
-----------------------------------------------------------------
('Testing submission ', 3)
-1
-----------------------------------------------------------------
('Testing submission ', 4)
-1
-----------------------------------------------------------------
('Testing submission ', 5)
-1
-----------------------------------------------------------------
('Testing submission ', 6)
-1
-----------------------------------------------------------------
('Testing submission ', 7)
-1
-----------------------------------------------------------------
('Testing submission ', 8)
-1
-----------------------------------------------------------------
('Testing submission ', 9)
-1
-----------------------------------------------------------------
('Testing submission ', 10)
-1
-----------------------------------------------------------------
('Testing submission ', 11)
-1
-----------------------------------------------------------------
('Testing submission ', 12)
-1
-----------------------------------------------------------------
('Testing submission ', 13)
-1
-----------------------------------------------------------------
('Testing submission ', 14)
0
-----------------------------------------------------------------
('Testing submission ', 15)
-1
-----------------------------------------------------------------
('Testing submission ', 16)
-1
-----------------------------------------------------------------
('Testing submission ', 17)
-1
-----------------------------------------------------------------
('Testing submission ', 18)
-1
-----------------------------------------------------------------
('Testing submission ', 19)
-1
-----------------------------------------------------------------
('Testing submission ', 20)
0
-----------------------------------------------------------------
HELLO2015-07-23 13:00:01.638320
('Testing submission ', 2)
-1
NONE OMG THIS WORKS
Comment author: jdb12
Replied to a comment: https://www.reddit.com/r/Astros/comments/3ea1o3/post_game_thread_jul_22_2015_boston_red_sox_4253/ctdj3vk
-----------------------------------------------------------------
('Testing submission ', 3)
-1
NONE OMG THIS WORKS
-----------------------------------------------------------------
('Testing submission ', 4)
-1
-----------------------------------------------------------------
('Testing submission ', 5)
-1
-----------------------------------------------------------------
('Testing submission ', 6)
-1
-----------------------------------------------------------------
('Testing submission ', 7)
-1
-----------------------------------------------------------------
('Testing submission ', 8)
-1
-----------------------------------------------------------------
('Testing submission ', 9)
-1
-----------------------------------------------------------------
('Testing submission ', 10)
-1
-----------------------------------------------------------------
('Testing submission ', 11)
-1
-----------------------------------------------------------------
('Testing submission ', 12)
-1
-----------------------------------------------------------------
('Testing submission ', 13)
-1
-----------------------------------------------------------------
('Testing submission ', 14)
0
-----------------------------------------------------------------
('Testing submission ', 15)
-1
-----------------------------------------------------------------
('Testing submission ', 16)
-1
-----------------------------------------------------------------
('Testing submission ', 17)
-1
-----------------------------------------------------------------
('Testing submission ', 18)
-1
-----------------------------------------------------------------
('Testing submission ', 19)
-1
-----------------------------------------------------------------
('Testing submission ', 20)
0
-----------------------------------------------------------------
HELLO2015-07-23 13:03:02.089005
('Testing submission ', 2)
-1
NONE OMG THIS WORKS
-----------------------------------------------------------------
('Testing submission ', 3)
-1
-----------------------------------------------------------------
('Testing submission ', 4)
-1
-----------------------------------------------------------------
('Testing submission ', 5)
-1
-----------------------------------------------------------------
('Testing submission ', 6)
-1
-----------------------------------------------------------------
('Testing submission ', 7)
-1
-----------------------------------------------------------------
('Testing submission ', 8)
-1
-----------------------------------------------------------------
('Testing submission ', 9)
-1
-----------------------------------------------------------------
('Testing submission ', 10)
-1
-----------------------------------------------------------------
('Testing submission ', 11)
-1
-----------------------------------------------------------------
('Testing submission ', 12)
-1
-----------------------------------------------------------------
('Testing submission ', 13)
-1
-----------------------------------------------------------------
('Testing submission ', 14)
0
-----------------------------------------------------------------
('Testing submission ', 15)
-1
-----------------------------------------------------------------
('Testing submission ', 16)
-1
-----------------------------------------------------------------
('Testing submission ', 17)
-1
-----------------------------------------------------------------
('Testing submission ', 18)
-1
-----------------------------------------------------------------
('Testing submission ', 19)
-1
-----------------------------------------------------------------
('Testing submission ', 20)
0
-----------------------------------------------------------------
HELLO2015-07-23 13:06:01.519788
('Testing submission ', 2)
-1
-----------------------------------------------------------------
('Testing submission ', 3)
-1
-----------------------------------------------------------------
('Testing submission ', 4)
-1
-----------------------------------------------------------------
('Testing submission ', 5)
-1
-----------------------------------------------------------------
('Testing submission ', 6)
-1
-----------------------------------------------------------------
('Testing submission ', 7)
-1
-----------------------------------------------------------------
('Testing submission ', 8)
-1
-----------------------------------------------------------------
('Testing submission ', 9)
-1
-----------------------------------------------------------------
('Testing submission ', 10)
-1
NONE OMG THIS WORKS
-----------------------------------------------------------------
('Testing submission ', 11)
-1
-----------------------------------------------------------------
('Testing submission ', 12)
-1
-----------------------------------------------------------------
('Testing submission ', 13)
-1
-----------------------------------------------------------------
('Testing submission ', 14)
0
-----------------------------------------------------------------
('Testing submission ', 15)
-1
-----------------------------------------------------------------
('Testing submission ', 16)
-1
-----------------------------------------------------------------
('Testing submission ', 17)
-1
-----------------------------------------------------------------
('Testing submission ', 18)
-1
-----------------------------------------------------------------
('Testing submission ', 19)
-1
-----------------------------------------------------------------
('Testing submission ', 20)
0
-----------------------------------------------------------------
HELLO2015-07-23 13:09:01.991485
('Testing submission ', 2)
-1
-----------------------------------------------------------------
('Testing submission ', 3)
-1
-----------------------------------------------------------------
('Testing submission ', 4)
-1
-----------------------------------------------------------------
('Testing submission ', 5)
-1
-----------------------------------------------------------------
('Testing submission ', 6)
-1
-----------------------------------------------------------------
('Testing submission ', 7)
-1
-----------------------------------------------------------------
('Testing submission ', 8)
-1
-----------------------------------------------------------------
('Testing submission ', 9)
-1
-----------------------------------------------------------------
('Testing submission ', 10)
-1
-----------------------------------------------------------------
('Testing submission ', 11)
-1
-----------------------------------------------------------------
('Testing submission ', 12)
-1
-----------------------------------------------------------------
('Testing submission ', 13)
0
-----------------------------------------------------------------
('Testing submission ', 14)
-1
-----------------------------------------------------------------
('Testing submission ', 15)
-1
-----------------------------------------------------------------
('Testing submission ', 16)
-1
-----------------------------------------------------------------
('Testing submission ', 17)
-1
-----------------------------------------------------------------
('Testing submission ', 18)
-1
-----------------------------------------------------------------
('Testing submission ', 19)
-1
-----------------------------------------------------------------
('Testing submission ', 20)
0
-----------------------------------------------------------------
HELLO2015-07-23 13:12:01.565551
('Testing submission ', 2)
-1
-----------------------------------------------------------------
('Testing submission ', 3)
-1
-----------------------------------------------------------------
('Testing submission ', 4)
-1
NONE OMG THIS WORKS
-----------------------------------------------------------------
('Testing submission ', 5)
-1
-----------------------------------------------------------------
('Testing submission ', 6)
-1
-----------------------------------------------------------------
('Testing submission ', 7)
-1
-----------------------------------------------------------------
('Testing submission ', 8)
-1
-----------------------------------------------------------------
('Testing submission ', 9)
-1
-----------------------------------------------------------------
('Testing submission ', 10)
-1
-----------------------------------------------------------------
('Testing submission ', 11)
-1
-----------------------------------------------------------------
('Testing submission ', 12)
-1
-----------------------------------------------------------------
('Testing submission ', 13)
0
-----------------------------------------------------------------
('Testing submission ', 14)
-1
-----------------------------------------------------------------
('Testing submission ', 15)
-1
-----------------------------------------------------------------
('Testing submission ', 16)
-1
-----------------------------------------------------------------
('Testing submission ', 17)
-1
-----------------------------------------------------------------
('Testing submission ', 18)
-1
-----------------------------------------------------------------
('Testing submission ', 19)
-1
-----------------------------------------------------------------
('Testing submission ', 20)
0
-----------------------------------------------------------------
HELLO2015-07-23 13:15:02.024082
('Testing submission ', 2)
-1
-----------------------------------------------------------------
('Testing submission ', 3)
-1
-----------------------------------------------------------------
('Testing submission ', 4)
-1
-----------------------------------------------------------------
('Testing submission ', 5)
-1
-----------------------------------------------------------------
('Testing submission ', 6)
-1
-----------------------------------------------------------------
('Testing submission ', 7)
-1
-----------------------------------------------------------------
('Testing submission ', 8)
-1
-----------------------------------------------------------------
('Testing submission ', 9)
-1
-----------------------------------------------------------------
('Testing submission ', 10)
-1
-----------------------------------------------------------------
('Testing submission ', 11)
-1
-----------------------------------------------------------------
('Testing submission ', 12)
-1
-----------------------------------------------------------------
('Testing submission ', 13)
0
-----------------------------------------------------------------
('Testing submission ', 14)
-1
-----------------------------------------------------------------
('Testing submission ', 15)
-1
-----------------------------------------------------------------
('Testing submission ', 16)
-1
-----------------------------------------------------------------
('Testing submission ', 17)
-1
-----------------------------------------------------------------
('Testing submission ', 18)
-1
-----------------------------------------------------------------
('Testing submission ', 19)
-1
-----------------------------------------------------------------
('Testing submission ', 20)
0
-----------------------------------------------------------------
HELLO2015-07-23 13:18:01.536601
('Testing submission ', 2)
-1
-----------------------------------------------------------------
('Testing submission ', 3)
-1
-----------------------------------------------------------------
('Testing submission ', 4)
-1
NONE OMG THIS WORKS
NONE OMG THIS WORKS
NONE OMG THIS WORKS
NONE OMG THIS WORKS
NONE OMG THIS WORKS
-----------------------------------------------------------------
('Testing submission ', 5)
-1
-----------------------------------------------------------------
('Testing submission ', 6)
-1
NONE OMG THIS WORKS
NONE OMG THIS WORKS
-----------------------------------------------------------------
('Testing submission ', 7)
-1
-----------------------------------------------------------------
('Testing submission ', 8)
-1
-----------------------------------------------------------------
('Testing submission ', 9)
-1
-----------------------------------------------------------------
('Testing submission ', 10)
-1
-----------------------------------------------------------------
('Testing submission ', 11)
-1
-----------------------------------------------------------------
('Testing submission ', 12)
-1
-----------------------------------------------------------------
('Testing submission ', 13)
-1
-----------------------------------------------------------------
('Testing submission ', 14)
-1
NONE OMG THIS WORKS
-----------------------------------------------------------------
('Testing submission ', 15)
0
-----------------------------------------------------------------
('Testing submission ', 16)
-1
-----------------------------------------------------------------
('Testing submission ', 17)
-1
-----------------------------------------------------------------
('Testing submission ', 18)
-1
-----------------------------------------------------------------
('Testing submission ', 19)
-1
-----------------------------------------------------------------
('Testing submission ', 20)
-1
-----------------------------------------------------------------
HELLO2015-07-23 13:21:02.028105
('Testing submission ', 2)
-1
-----------------------------------------------------------------
('Testing submission ', 3)
-1
NONE OMG THIS WORKS
NONE OMG THIS WORKS
NONE OMG THIS WORKS
NONE OMG THIS WORKS
NONE OMG THIS WORKS
NONE OMG THIS WORKS
-----------------------------------------------------------------
('Testing submission ', 4)
-1
-----------------------------------------------------------------
('Testing submission ', 5)
-1
-----------------------------------------------------------------
('Testing submission ', 6)
-1
-----------------------------------------------------------------
('Testing submission ', 7)
-1
-----------------------------------------------------------------
('Testing submission ', 8)
-1
-----------------------------------------------------------------
('Testing submission ', 9)
-1
-----------------------------------------------------------------
('Testing submission ', 10)
-1
NONE OMG THIS WORKS
NONE OMG THIS WORKS
-----------------------------------------------------------------
('Testing submission ', 11)
-1
-----------------------------------------------------------------
('Testing submission ', 12)
-1
-----------------------------------------------------------------
('Testing submission ', 13)
-1
-----------------------------------------------------------------
('Testing submission ', 14)
-1
-----------------------------------------------------------------
('Testing submission ', 15)
-1
-----------------------------------------------------------------
('Testing submission ', 16)
0
-----------------------------------------------------------------
('Testing submission ', 17)
-1
-----------------------------------------------------------------
('Testing submission ', 18)
-1
-----------------------------------------------------------------
('Testing submission ', 19)
-1
-----------------------------------------------------------------
('Testing submission ', 20)
-1
-----------------------------------------------------------------
HELLO2015-07-23 13:24:01.383191
('Testing submission ', 2)
-1
-----------------------------------------------------------------
('Testing submission ', 3)
-1
NONE OMG THIS WORKS
NONE OMG THIS WORKS
-----------------------------------------------------------------
('Testing submission ', 4)
-1
-----------------------------------------------------------------
('Testing submission ', 5)
-1
-----------------------------------------------------------------
('Testing submission ', 6)
-1
-----------------------------------------------------------------
('Testing submission ', 7)
-1
-----------------------------------------------------------------
('Testing submission ', 8)
-1
-----------------------------------------------------------------
('Testing submission ', 9)
-1
-----------------------------------------------------------------
('Testing submission ', 10)
-1
-----------------------------------------------------------------
('Testing submission ', 11)
-1
-----------------------------------------------------------------
('Testing submission ', 12)
-1
NONE OMG THIS WORKS
-----------------------------------------------------------------
('Testing submission ', 13)
-1
-----------------------------------------------------------------
('Testing submission ', 14)
-1
-----------------------------------------------------------------
('Testing submission ', 15)
-1
-----------------------------------------------------------------
('Testing submission ', 16)
0
-----------------------------------------------------------------
('Testing submission ', 17)
-1
-----------------------------------------------------------------
('Testing submission ', 18)
-1
-----------------------------------------------------------------
('Testing submission ', 19)
-1
-----------------------------------------------------------------
('Testing submission ', 20)
-1
-----------------------------------------------------------------
HELLO2015-07-23 13:27:01.769292
('Testing submission ', 2)
-1
-----------------------------------------------------------------
('Testing submission ', 3)
-1
NONE OMG THIS WORKS
NONE OMG THIS WORKS
NONE OMG THIS WORKS
NONE OMG THIS WORKS
Comment author: jotate11
Replied to a comment: https://www.reddit.com/r/Astros/comments/3ece9g/astros_officially_acquire_lhp_scott_kazmir_from/ctdkbnm
-----------------------------------------------------------------
('Testing submission ', 4)
-1
-----------------------------------------------------------------
('Testing submission ', 5)
-1
-----------------------------------------------------------------
('Testing submission ', 6)
-1
-----------------------------------------------------------------
('Testing submission ', 7)
-1
-----------------------------------------------------------------
('Testing submission ', 8)
-1
-----------------------------------------------------------------
('Testing submission ', 9)
-1
-----------------------------------------------------------------
('Testing submission ', 10)
-1
-----------------------------------------------------------------
('Testing submission ', 11)
-1
-----------------------------------------------------------------
('Testing submission ', 12)
-1
-----------------------------------------------------------------
('Testing submission ', 13)
-1
-----------------------------------------------------------------
('Testing submission ', 14)
-1
-----------------------------------------------------------------
('Testing submission ', 15)
-1
-----------------------------------------------------------------
('Testing submission ', 16)
0
-----------------------------------------------------------------
('Testing submission ', 17)
-1
-----------------------------------------------------------------
('Testing submission ', 18)
-1
-----------------------------------------------------------------
('Testing submission ', 19)
-1
-----------------------------------------------------------------
('Testing submission ', 20)
-1
-----------------------------------------------------------------
HELLO2015-07-23 13:30:01.518547
('Testing submission ', 2)
-1
-----------------------------------------------------------------
('Testing submission ', 3)
-1
NONE OMG THIS WORKS
NONE OMG THIS WORKS
NONE OMG THIS WORKS
NONE OMG THIS WORKS
NONE OMG THIS WORKS
NONE OMG THIS WORKS
NONE OMG THIS WORKS
-----------------------------------------------------------------
('Testing submission ', 4)
-1
-----------------------------------------------------------------
('Testing submission ', 5)
-1
-----------------------------------------------------------------
('Testing submission ', 6)
-1
NONE OMG THIS WORKS
NONE OMG THIS WORKS
-----------------------------------------------------------------
('Testing submission ', 7)
-1
-----------------------------------------------------------------
('Testing submission ', 8)
-1
-----------------------------------------------------------------
('Testing submission ', 9)
-1
-----------------------------------------------------------------
('Testing submission ', 10)
-1
-----------------------------------------------------------------
('Testing submission ', 11)
-1
-----------------------------------------------------------------
('Testing submission ', 12)
-1
-----------------------------------------------------------------
('Testing submission ', 13)
-1
-----------------------------------------------------------------
('Testing submission ', 14)
-1
-----------------------------------------------------------------
('Testing submission ', 15)
-1
-----------------------------------------------------------------
('Testing submission ', 16)
0
-----------------------------------------------------------------
('Testing submission ', 17)
-1
-----------------------------------------------------------------
('Testing submission ', 18)
-1
-----------------------------------------------------------------
('Testing submission ', 19)
-1
-----------------------------------------------------------------
('Testing submission ', 20)
-1
-----------------------------------------------------------------
HELLO2015-07-23 13:33:02.091535
('Testing submission ', 2)
-1
-----------------------------------------------------------------
('Testing submission ', 3)
-1
NONE OMG THIS WORKS
NONE OMG THIS WORKS
NONE OMG THIS WORKS
NONE OMG THIS WORKS
NONE OMG THIS WORKS
NONE OMG THIS WORKS
NONE OMG THIS WORKS
NONE OMG THIS WORKS
NONE OMG THIS WORKS
-----------------------------------------------------------------
('Testing submission ', 4)
-1
-----------------------------------------------------------------
('Testing submission ', 5)
-1
-----------------------------------------------------------------
('Testing submission ', 6)
-1
-----------------------------------------------------------------
('Testing submission ', 7)
-1
-----------------------------------------------------------------
('Testing submission ', 8)
-1
-----------------------------------------------------------------
('Testing submission ', 9)
-1
-----------------------------------------------------------------
('Testing submission ', 10)
-1
-----------------------------------------------------------------
('Testing submission ', 11)
-1
-----------------------------------------------------------------
('Testing submission ', 12)
-1
NONE OMG THIS WORKS
-----------------------------------------------------------------
('Testing submission ', 13)
-1
-----------------------------------------------------------------
('Testing submission ', 14)
-1
-----------------------------------------------------------------
('Testing submission ', 15)
-1
-----------------------------------------------------------------
('Testing submission ', 16)
0
-----------------------------------------------------------------
('Testing submission ', 17)
-1
-----------------------------------------------------------------
('Testing submission ', 18)
-1
-----------------------------------------------------------------
('Testing submission ', 19)
-1
-----------------------------------------------------------------
('Testing submission ', 20)
-1
-----------------------------------------------------------------
HELLO2015-07-23 13:36:01.484537
('Testing submission ', 2)
-1
-----------------------------------------------------------------
('Testing submission ', 3)
-1
NONE OMG THIS WORKS
NONE OMG THIS WORKS
-----------------------------------------------------------------
('Testing submission ', 4)
-1
-----------------------------------------------------------------
('Testing submission ', 5)
-1
-----------------------------------------------------------------
('Testing submission ', 6)
-1
-----------------------------------------------------------------
('Testing submission ', 7)
-1
-----------------------------------------------------------------
('Testing submission ', 8)
-1
-----------------------------------------------------------------
('Testing submission ', 9)
-1
-----------------------------------------------------------------
('Testing submission ', 10)
-1
-----------------------------------------------------------------
('Testing submission ', 11)
-1
-----------------------------------------------------------------
('Testing submission ', 12)
-1
-----------------------------------------------------------------
('Testing submission ', 13)
-1
-----------------------------------------------------------------
('Testing submission ', 14)
-1
-----------------------------------------------------------------
('Testing submission ', 15)
-1
-----------------------------------------------------------------
('Testing submission ', 16)
0
-----------------------------------------------------------------
('Testing submission ', 17)
-1
-----------------------------------------------------------------
('Testing submission ', 18)
-1
-----------------------------------------------------------------
('Testing submission ', 19)
-1
-----------------------------------------------------------------
('Testing submission ', 20)
-1
NONE OMG THIS WORKS
-----------------------------------------------------------------
HELLO2015-07-23 13:39:02.066860
('Testing submission ', 2)
-1
-----------------------------------------------------------------
('Testing submission ', 3)
-1
NONE OMG THIS WORKS
NONE OMG THIS WORKS
NONE OMG THIS WORKS
NONE OMG THIS WORKS
NONE OMG THIS WORKS
-----------------------------------------------------------------
('Testing submission ', 4)
-1
-----------------------------------------------------------------
('Testing submission ', 5)
-1
-----------------------------------------------------------------
('Testing submission ', 6)
-1
NONE OMG THIS WORKS
-----------------------------------------------------------------
('Testing submission ', 7)
-1
-----------------------------------------------------------------
('Testing submission ', 8)
-1
-----------------------------------------------------------------
('Testing submission ', 9)
-1
-----------------------------------------------------------------
('Testing submission ', 10)
-1
-----------------------------------------------------------------
('Testing submission ', 11)
-1
-----------------------------------------------------------------
('Testing submission ', 12)
-1
NONE OMG THIS WORKS
-----------------------------------------------------------------
('Testing submission ', 13)
-1
-----------------------------------------------------------------
('Testing submission ', 14)
-1
-----------------------------------------------------------------
('Testing submission ', 15)
-1
-----------------------------------------------------------------
('Testing submission ', 16)
0
-----------------------------------------------------------------
('Testing submission ', 17)
-1
-----------------------------------------------------------------
('Testing submission ', 18)
-1
-----------------------------------------------------------------
('Testing submission ', 19)
-1
-----------------------------------------------------------------
('Testing submission ', 20)
-1
-----------------------------------------------------------------
HELLO2015-07-23 13:42:01.436330
('Testing submission ', 2)
-1
NONE OMG THIS WORKS
-----------------------------------------------------------------
('Testing submission ', 3)
-1
NONE OMG THIS WORKS
NONE OMG THIS WORKS
NONE OMG THIS WORKS
NONE OMG THIS WORKS
NONE OMG THIS WORKS
NONE OMG THIS WORKS
NONE OMG THIS WORKS
-----------------------------------------------------------------
('Testing submission ', 4)
-1
-----------------------------------------------------------------
('Testing submission ', 5)
-1
-----------------------------------------------------------------
('Testing submission ', 6)
-1
NONE OMG THIS WORKS
-----------------------------------------------------------------
('Testing submission ', 7)
-1
-----------------------------------------------------------------
('Testing submission ', 8)
-1
-----------------------------------------------------------------
('Testing submission ', 9)
-1
-----------------------------------------------------------------
('Testing submission ', 10)
-1
-----------------------------------------------------------------
('Testing submission ', 11)
-1
-----------------------------------------------------------------
('Testing submission ', 12)
-1
-----------------------------------------------------------------
('Testing submission ', 13)
-1
-----------------------------------------------------------------
('Testing submission ', 14)
-1
-----------------------------------------------------------------
('Testing submission ', 15)
-1
-----------------------------------------------------------------
('Testing submission ', 16)
0
-----------------------------------------------------------------
('Testing submission ', 17)
-1
-----------------------------------------------------------------
('Testing submission ', 18)
-1
-----------------------------------------------------------------
('Testing submission ', 19)
-1
-----------------------------------------------------------------
('Testing submission ', 20)
-1
-----------------------------------------------------------------
HELLO2015-07-23 13:45:01.801783
('Testing submission ', 2)
-1
-----------------------------------------------------------------
('Testing submission ', 3)
-1
NONE OMG THIS WORKS
NONE OMG THIS WORKS
-----------------------------------------------------------------
('Testing submission ', 4)
-1
-----------------------------------------------------------------
('Testing submission ', 5)
-1
-----------------------------------------------------------------
('Testing submission ', 6)
-1
-----------------------------------------------------------------
('Testing submission ', 7)
-1
-----------------------------------------------------------------
('Testing submission ', 8)
-1
-----------------------------------------------------------------
('Testing submission ', 9)
-1
-----------------------------------------------------------------
('Testing submission ', 10)
-1
-----------------------------------------------------------------
('Testing submission ', 11)
-1
-----------------------------------------------------------------
('Testing submission ', 12)
-1
-----------------------------------------------------------------
('Testing submission ', 13)
-1
-----------------------------------------------------------------
('Testing submission ', 14)
-1
-----------------------------------------------------------------
('Testing submission ', 15)
-1
NONE OMG THIS WORKS
-----------------------------------------------------------------
('Testing submission ', 16)
0
-----------------------------------------------------------------
('Testing submission ', 17)
-1
-----------------------------------------------------------------
('Testing submission ', 18)
-1
-----------------------------------------------------------------
('Testing submission ', 19)
-1
-----------------------------------------------------------------
('Testing submission ', 20)
-1
-----------------------------------------------------------------
HELLO2015-07-23 13:48:01.205261
('Testing submission ', 2)
-1
-----------------------------------------------------------------
('Testing submission ', 3)
-1
NONE OMG THIS WORKS
NONE OMG THIS WORKS
NONE OMG THIS WORKS
-----------------------------------------------------------------
('Testing submission ', 4)
-1
-----------------------------------------------------------------
('Testing submission ', 5)
-1
-----------------------------------------------------------------
('Testing submission ', 6)
-1
-----------------------------------------------------------------
('Testing submission ', 7)
-1
-----------------------------------------------------------------
('Testing submission ', 8)
-1
-----------------------------------------------------------------
('Testing submission ', 9)
-1
-----------------------------------------------------------------
('Testing submission ', 10)
-1
-----------------------------------------------------------------
('Testing submission ', 11)
-1
-----------------------------------------------------------------
('Testing submission ', 12)
-1
-----------------------------------------------------------------
('Testing submission ', 13)
-1
-----------------------------------------------------------------
('Testing submission ', 14)
-1
-----------------------------------------------------------------
('Testing submission ', 15)
-1
-----------------------------------------------------------------
('Testing submission ', 16)
0
-----------------------------------------------------------------
('Testing submission ', 17)
-1
-----------------------------------------------------------------
('Testing submission ', 18)
-1
-----------------------------------------------------------------
('Testing submission ', 19)
-1
-----------------------------------------------------------------
('Testing submission ', 20)
-1
-----------------------------------------------------------------
HELLO2015-07-23 13:51:01.592911
('Testing submission ', 2)
-1
-----------------------------------------------------------------
('Testing submission ', 3)
-1
NONE OMG THIS WORKS
-----------------------------------------------------------------
('Testing submission ', 4)
-1
-----------------------------------------------------------------
('Testing submission ', 5)
-1
-----------------------------------------------------------------
('Testing submission ', 6)
-1
NONE OMG THIS WORKS
-----------------------------------------------------------------
('Testing submission ', 7)
-1
-----------------------------------------------------------------
('Testing submission ', 8)
-1
-----------------------------------------------------------------
('Testing submission ', 9)
-1
-----------------------------------------------------------------
('Testing submission ', 10)
-1
-----------------------------------------------------------------
('Testing submission ', 11)
-1
-----------------------------------------------------------------
('Testing submission ', 12)
-1
-----------------------------------------------------------------
('Testing submission ', 13)
-1
-----------------------------------------------------------------
('Testing submission ', 14)
-1
-----------------------------------------------------------------
('Testing submission ', 15)
-1
-----------------------------------------------------------------
('Testing submission ', 16)
0
-----------------------------------------------------------------
('Testing submission ', 17)
-1
-----------------------------------------------------------------
('Testing submission ', 18)
-1
-----------------------------------------------------------------
('Testing submission ', 19)
-1
-----------------------------------------------------------------
('Testing submission ', 20)
-1
-----------------------------------------------------------------
HELLO2015-07-23 13:54:02.004829
('Testing submission ', 2)
-1
-----------------------------------------------------------------
('Testing submission ', 3)
-1
NONE OMG THIS WORKS
Comment author: desapaulecidos
Replied to a comment: https://www.reddit.com/r/Astros/comments/3ece9g/astros_officially_acquire_lhp_scott_kazmir_from/ctdle63
NONE OMG THIS WORKS
NONE OMG THIS WORKS
NONE OMG THIS WORKS
NONE OMG THIS WORKS
NONE OMG THIS WORKS
-----------------------------------------------------------------
('Testing submission ', 4)
-1
-----------------------------------------------------------------
('Testing submission ', 5)
-1
-----------------------------------------------------------------
('Testing submission ', 6)
-1
NONE OMG THIS WORKS
-----------------------------------------------------------------
('Testing submission ', 7)
-1
-----------------------------------------------------------------
('Testing submission ', 8)
-1
-----------------------------------------------------------------
('Testing submission ', 9)
-1
-----------------------------------------------------------------
('Testing submission ', 10)
-1
-----------------------------------------------------------------
('Testing submission ', 11)
-1
-----------------------------------------------------------------
('Testing submission ', 12)
-1
-----------------------------------------------------------------
('Testing submission ', 13)
-1
-----------------------------------------------------------------
('Testing submission ', 14)
-1
-----------------------------------------------------------------
('Testing submission ', 15)
-1
-----------------------------------------------------------------
('Testing submission ', 16)
0
-----------------------------------------------------------------
('Testing submission ', 17)
-1
-----------------------------------------------------------------
('Testing submission ', 18)
-1
-----------------------------------------------------------------
('Testing submission ', 19)
-1
-----------------------------------------------------------------
('Testing submission ', 20)
-1
-----------------------------------------------------------------
HELLO2015-07-23 13:57:01.387106
('Testing submission ', 2)
-1
-----------------------------------------------------------------
('Testing submission ', 3)
-1
NONE OMG THIS WORKS
NONE OMG THIS WORKS
NONE OMG THIS WORKS
NONE OMG THIS WORKS
-----------------------------------------------------------------
('Testing submission ', 4)
-1
-----------------------------------------------------------------
('Testing submission ', 5)
-1
-----------------------------------------------------------------
('Testing submission ', 6)
-1
-----------------------------------------------------------------
('Testing submission ', 7)
-1
-----------------------------------------------------------------
('Testing submission ', 8)
-1
-----------------------------------------------------------------
('Testing submission ', 9)
-1
-----------------------------------------------------------------
('Testing submission ', 10)
-1
-----------------------------------------------------------------
('Testing submission ', 11)
-1
-----------------------------------------------------------------
('Testing submission ', 12)
-1
-----------------------------------------------------------------
('Testing submission ', 13)
-1
-----------------------------------------------------------------
('Testing submission ', 14)
-1
-----------------------------------------------------------------
('Testing submission ', 15)
-1
-----------------------------------------------------------------
('Testing submission ', 16)
0
-----------------------------------------------------------------
('Testing submission ', 17)
-1
-----------------------------------------------------------------
('Testing submission ', 18)
-1
-----------------------------------------------------------------
('Testing submission ', 19)
-1
-----------------------------------------------------------------
('Testing submission ', 20)
-1
-----------------------------------------------------------------
HELLO2015-07-23 14:00:01.816341
('Testing submission ', 2)
-1
-----------------------------------------------------------------
('Testing submission ', 3)
-1
NONE OMG THIS WORKS
NONE OMG THIS WORKS
NONE OMG THIS WORKS
NONE OMG THIS WORKS
-----------------------------------------------------------------
('Testing submission ', 4)
-1
-----------------------------------------------------------------
('Testing submission ', 5)
-1
-----------------------------------------------------------------
('Testing submission ', 6)
-1
-----------------------------------------------------------------
('Testing submission ', 7)
-1
-----------------------------------------------------------------
('Testing submission ', 8)
-1
-----------------------------------------------------------------
('Testing submission ', 9)
-1
-----------------------------------------------------------------
('Testing submission ', 10)
-1
-----------------------------------------------------------------
('Testing submission ', 11)
-1
-----------------------------------------------------------------
('Testing submission ', 12)
-1
-----------------------------------------------------------------
('Testing submission ', 13)
-1
-----------------------------------------------------------------
('Testing submission ', 14)
-1
-----------------------------------------------------------------
('Testing submission ', 15)
-1
-----------------------------------------------------------------
('Testing submission ', 16)
0
-----------------------------------------------------------------
('Testing submission ', 17)
-1
-----------------------------------------------------------------
('Testing submission ', 18)
-1
-----------------------------------------------------------------
('Testing submission ', 19)
-1
-----------------------------------------------------------------
('Testing submission ', 20)
-1
-----------------------------------------------------------------
HELLO2015-07-23 14:03:01.176398
('Testing submission ', 2)
-1
-----------------------------------------------------------------
('Testing submission ', 3)
-1
NONE OMG THIS WORKS
NONE OMG THIS WORKS
NONE OMG THIS WORKS
NONE OMG THIS WORKS
NONE OMG THIS WORKS
NONE OMG THIS WORKS
-----------------------------------------------------------------
('Testing submission ', 4)
-1
-----------------------------------------------------------------
('Testing submission ', 5)
-1
-----------------------------------------------------------------
('Testing submission ', 6)
-1
-----------------------------------------------------------------
('Testing submission ', 7)
-1
-----------------------------------------------------------------
('Testing submission ', 8)
-1
-----------------------------------------------------------------
('Testing submission ', 9)
-1
-----------------------------------------------------------------
('Testing submission ', 10)
-1
-----------------------------------------------------------------
('Testing submission ', 11)
-1
-----------------------------------------------------------------
('Testing submission ', 12)
-1
-----------------------------------------------------------------
('Testing submission ', 13)
-1
-----------------------------------------------------------------
('Testing submission ', 14)
-1
-----------------------------------------------------------------
('Testing submission ', 15)
-1
-----------------------------------------------------------------
('Testing submission ', 16)
0
-----------------------------------------------------------------
('Testing submission ', 17)
-1
-----------------------------------------------------------------
('Testing submission ', 18)
-1
-----------------------------------------------------------------
('Testing submission ', 19)
-1
-----------------------------------------------------------------
('Testing submission ', 20)
-1
-----------------------------------------------------------------
HELLO2015-07-23 14:06:01.531439
('Testing submission ', 2)
-1
-----------------------------------------------------------------
('Testing submission ', 3)
-1
NONE OMG THIS WORKS
NONE OMG THIS WORKS
NONE OMG THIS WORKS
NONE OMG THIS WORKS
NONE OMG THIS WORKS
NONE OMG THIS WORKS
-----------------------------------------------------------------
('Testing submission ', 4)
-1
-----------------------------------------------------------------
('Testing submission ', 5)
-1
NONE OMG THIS WORKS
-----------------------------------------------------------------
('Testing submission ', 6)
-1
-----------------------------------------------------------------
('Testing submission ', 7)
-1
-----------------------------------------------------------------
('Testing submission ', 8)
-1
-----------------------------------------------------------------
('Testing submission ', 9)
-1
-----------------------------------------------------------------
('Testing submission ', 10)
-1
-----------------------------------------------------------------
('Testing submission ', 11)
-1
-----------------------------------------------------------------
('Testing submission ', 12)
-1
-----------------------------------------------------------------
('Testing submission ', 13)
-1
-----------------------------------------------------------------
('Testing submission ', 14)
-1
-----------------------------------------------------------------
('Testing submission ', 15)
0
-----------------------------------------------------------------
('Testing submission ', 16)
-1
-----------------------------------------------------------------
('Testing submission ', 17)
-1
-----------------------------------------------------------------
('Testing submission ', 18)
-1
-----------------------------------------------------------------
('Testing submission ', 19)
-1
-----------------------------------------------------------------
('Testing submission ', 20)
-1
-----------------------------------------------------------------
HELLO2015-07-23 14:09:01.975163
('Testing submission ', 2)
-1
-----------------------------------------------------------------
('Testing submission ', 3)
-1
NONE OMG THIS WORKS
NONE OMG THIS WORKS
NONE OMG THIS WORKS
NONE OMG THIS WORKS
NONE OMG THIS WORKS
-----------------------------------------------------------------
('Testing submission ', 4)
-1
-----------------------------------------------------------------
('Testing submission ', 5)
-1
-----------------------------------------------------------------
('Testing submission ', 6)
-1
-----------------------------------------------------------------
('Testing submission ', 7)
-1
-----------------------------------------------------------------
('Testing submission ', 8)
-1
-----------------------------------------------------------------
('Testing submission ', 9)
-1
-----------------------------------------------------------------
('Testing submission ', 10)
-1
-----------------------------------------------------------------
('Testing submission ', 11)
-1
-----------------------------------------------------------------
('Testing submission ', 12)
-1
-----------------------------------------------------------------
('Testing submission ', 13)
-1
-----------------------------------------------------------------
('Testing submission ', 14)
-1
-----------------------------------------------------------------
('Testing submission ', 15)
0
-----------------------------------------------------------------
('Testing submission ', 16)
-1
-----------------------------------------------------------------
('Testing submission ', 17)
-1
-----------------------------------------------------------------
('Testing submission ', 18)
-1
-----------------------------------------------------------------
('Testing submission ', 19)
-1
-----------------------------------------------------------------
('Testing submission ', 20)
-1
-----------------------------------------------------------------
HELLO2015-07-23 14:12:01.418980
('Testing submission ', 2)
-1
-----------------------------------------------------------------
('Testing submission ', 3)
-1
NONE OMG THIS WORKS
NONE OMG THIS WORKS
NONE OMG THIS WORKS
-----------------------------------------------------------------
('Testing submission ', 4)
-1
-----------------------------------------------------------------
('Testing submission ', 5)
-1
NONE OMG THIS WORKS
-----------------------------------------------------------------
('Testing submission ', 6)
-1
-----------------------------------------------------------------
('Testing submission ', 7)
-1
-----------------------------------------------------------------
('Testing submission ', 8)
-1
-----------------------------------------------------------------
('Testing submission ', 9)
-1
-----------------------------------------------------------------
('Testing submission ', 10)
-1
-----------------------------------------------------------------
('Testing submission ', 11)
-1
-----------------------------------------------------------------
('Testing submission ', 12)
-1
-----------------------------------------------------------------
('Testing submission ', 13)
-1
-----------------------------------------------------------------
('Testing submission ', 14)
-1
NONE OMG THIS WORKS
-----------------------------------------------------------------
('Testing submission ', 15)
0
-----------------------------------------------------------------
('Testing submission ', 16)
-1
-----------------------------------------------------------------
('Testing submission ', 17)
-1
-----------------------------------------------------------------
('Testing submission ', 18)
-1
-----------------------------------------------------------------
('Testing submission ', 19)
-1
-----------------------------------------------------------------
('Testing submission ', 20)
-1
-----------------------------------------------------------------
HELLO2015-07-23 14:15:01.863032
('Testing submission ', 2)
-1
-----------------------------------------------------------------
('Testing submission ', 3)
-1
NONE OMG THIS WORKS
NONE OMG THIS WORKS
NONE OMG THIS WORKS
NONE OMG THIS WORKS
NONE OMG THIS WORKS
NONE OMG THIS WORKS
NONE OMG THIS WORKS
NONE OMG THIS WORKS
-----------------------------------------------------------------
('Testing submission ', 4)
-1
-----------------------------------------------------------------
('Testing submission ', 5)
-1
NONE OMG THIS WORKS
-----------------------------------------------------------------
('Testing submission ', 6)
-1
-----------------------------------------------------------------
('Testing submission ', 7)
-1
-----------------------------------------------------------------
('Testing submission ', 8)
-1
-----------------------------------------------------------------
('Testing submission ', 9)
-1
-----------------------------------------------------------------
('Testing submission ', 10)
-1
-----------------------------------------------------------------
('Testing submission ', 11)
-1
-----------------------------------------------------------------
('Testing submission ', 12)
-1
-----------------------------------------------------------------
('Testing submission ', 13)
-1
-----------------------------------------------------------------
('Testing submission ', 14)
-1
NONE OMG THIS WORKS
-----------------------------------------------------------------
('Testing submission ', 15)
0
-----------------------------------------------------------------
('Testing submission ', 16)
-1
-----------------------------------------------------------------
('Testing submission ', 17)
-1
-----------------------------------------------------------------
('Testing submission ', 18)
-1
-----------------------------------------------------------------
('Testing submission ', 19)
-1
-----------------------------------------------------------------
('Testing submission ', 20)
-1
-----------------------------------------------------------------
HELLO2015-07-23 14:18:01.292244
('Testing submission ', 2)
-1
-----------------------------------------------------------------
('Testing submission ', 3)
-1
NONE OMG THIS WORKS
NONE OMG THIS WORKS
NONE OMG THIS WORKS
NONE OMG THIS WORKS
NONE OMG THIS WORKS
-----------------------------------------------------------------
('Testing submission ', 4)
-1
-----------------------------------------------------------------
('Testing submission ', 5)
-1
-----------------------------------------------------------------
('Testing submission ', 6)
-1
-----------------------------------------------------------------
('Testing submission ', 7)
-1
-----------------------------------------------------------------
('Testing submission ', 8)
-1
-----------------------------------------------------------------
('Testing submission ', 9)
-1
-----------------------------------------------------------------
('Testing submission ', 10)
-1
-----------------------------------------------------------------
('Testing submission ', 11)
-1
-----------------------------------------------------------------
('Testing submission ', 12)
-1
-----------------------------------------------------------------
('Testing submission ', 13)
-1
-----------------------------------------------------------------
('Testing submission ', 14)
-1
-----------------------------------------------------------------
('Testing submission ', 15)
0
-----------------------------------------------------------------
('Testing submission ', 16)
-1
-----------------------------------------------------------------
('Testing submission ', 17)
-1
-----------------------------------------------------------------
('Testing submission ', 18)
-1
-----------------------------------------------------------------
('Testing submission ', 19)
-1
-----------------------------------------------------------------
('Testing submission ', 20)
-1
-----------------------------------------------------------------
HELLO2015-07-23 14:21:01.704792
('Testing submission ', 2)
-1
-----------------------------------------------------------------
('Testing submission ', 3)
-1
NONE OMG THIS WORKS
NONE OMG THIS WORKS
NONE OMG THIS WORKS
NONE OMG THIS WORKS
Comment author: cmays90
Replied to a comment: https://www.reddit.com/r/Astros/comments/3ece9g/astros_officially_acquire_lhp_scott_kazmir_from/ctdmmdm
NONE OMG THIS WORKS
NONE OMG THIS WORKS
-----------------------------------------------------------------
('Testing submission ', 4)
-1
-----------------------------------------------------------------
('Testing submission ', 5)
-1
-----------------------------------------------------------------
('Testing submission ', 6)
-1
-----------------------------------------------------------------
('Testing submission ', 7)
-1
-----------------------------------------------------------------
('Testing submission ', 8)
-1
-----------------------------------------------------------------
('Testing submission ', 9)
-1
-----------------------------------------------------------------
('Testing submission ', 10)
-1
-----------------------------------------------------------------
('Testing submission ', 11)
-1
-----------------------------------------------------------------
('Testing submission ', 12)
-1
-----------------------------------------------------------------
('Testing submission ', 13)
-1
-----------------------------------------------------------------
('Testing submission ', 14)
-1
-----------------------------------------------------------------
('Testing submission ', 15)
0
-----------------------------------------------------------------
('Testing submission ', 16)
-1
-----------------------------------------------------------------
('Testing submission ', 17)
-1
-----------------------------------------------------------------
('Testing submission ', 18)
-1
-----------------------------------------------------------------
('Testing submission ', 19)
-1
-----------------------------------------------------------------
('Testing submission ', 20)
-1
-----------------------------------------------------------------
HELLO2015-07-23 14:24:02.323912
('Testing submission ', 2)
-1
-----------------------------------------------------------------
('Testing submission ', 3)
-1
NONE OMG THIS WORKS
NONE OMG THIS WORKS
NONE OMG THIS WORKS
NONE OMG THIS WORKS
-----------------------------------------------------------------
('Testing submission ', 4)
-1
-----------------------------------------------------------------
('Testing submission ', 5)
-1
NONE OMG THIS WORKS
-----------------------------------------------------------------
('Testing submission ', 6)
-1
-----------------------------------------------------------------
('Testing submission ', 7)
-1
-----------------------------------------------------------------
('Testing submission ', 8)
-1
-----------------------------------------------------------------
('Testing submission ', 9)
-1
-----------------------------------------------------------------
('Testing submission ', 10)
-1
-----------------------------------------------------------------
('Testing submission ', 11)
-1
-----------------------------------------------------------------
('Testing submission ', 12)
-1
-----------------------------------------------------------------
('Testing submission ', 13)
-1
-----------------------------------------------------------------
('Testing submission ', 14)
-1
-----------------------------------------------------------------
('Testing submission ', 15)
0
-----------------------------------------------------------------
('Testing submission ', 16)
-1
-----------------------------------------------------------------
('Testing submission ', 17)
-1
-----------------------------------------------------------------
('Testing submission ', 18)
-1
-----------------------------------------------------------------
('Testing submission ', 19)
-1
-----------------------------------------------------------------
('Testing submission ', 20)
-1
-----------------------------------------------------------------
HELLO2015-07-23 14:27:01.736678
('Testing submission ', 2)
-1
-----------------------------------------------------------------
('Testing submission ', 3)
-1
NONE OMG THIS WORKS
NONE OMG THIS WORKS
NONE OMG THIS WORKS
NONE OMG THIS WORKS
NONE OMG THIS WORKS
NONE OMG THIS WORKS
-----------------------------------------------------------------
('Testing submission ', 4)
-1
NONE OMG THIS WORKS
-----------------------------------------------------------------
('Testing submission ', 5)
-1
-----------------------------------------------------------------
('Testing submission ', 6)
-1
-----------------------------------------------------------------
('Testing submission ', 7)
-1
-----------------------------------------------------------------
('Testing submission ', 8)
-1
-----------------------------------------------------------------
('Testing submission ', 9)
-1
-----------------------------------------------------------------
('Testing submission ', 10)
-1
-----------------------------------------------------------------
('Testing submission ', 11)
-1
-----------------------------------------------------------------
('Testing submission ', 12)
-1
-----------------------------------------------------------------
('Testing submission ', 13)
-1
-----------------------------------------------------------------
('Testing submission ', 14)
-1
NONE OMG THIS WORKS
-----------------------------------------------------------------
('Testing submission ', 15)
0
-----------------------------------------------------------------
('Testing submission ', 16)
-1
-----------------------------------------------------------------
('Testing submission ', 17)
-1
-----------------------------------------------------------------
('Testing submission ', 18)
-1
-----------------------------------------------------------------
('Testing submission ', 19)
-1
-----------------------------------------------------------------
('Testing submission ', 20)
-1
-----------------------------------------------------------------
HELLO2015-07-23 14:30:03.156211
('Testing submission ', 2)
-1
-----------------------------------------------------------------
('Testing submission ', 3)
-1
NONE OMG THIS WORKS
NONE OMG THIS WORKS
-----------------------------------------------------------------
('Testing submission ', 4)
-1
-----------------------------------------------------------------
('Testing submission ', 5)
-1
-----------------------------------------------------------------
('Testing submission ', 6)
-1
-----------------------------------------------------------------
('Testing submission ', 7)
-1
-----------------------------------------------------------------
('Testing submission ', 8)
-1
-----------------------------------------------------------------
('Testing submission ', 9)
-1
-----------------------------------------------------------------
('Testing submission ', 10)
-1
-----------------------------------------------------------------
('Testing submission ', 11)
-1
-----------------------------------------------------------------
('Testing submission ', 12)
-1
-----------------------------------------------------------------
('Testing submission ', 13)
-1
-----------------------------------------------------------------
('Testing submission ', 14)
-1
-----------------------------------------------------------------
('Testing submission ', 15)
0
-----------------------------------------------------------------
('Testing submission ', 16)
-1
-----------------------------------------------------------------
('Testing submission ', 17)
-1
-----------------------------------------------------------------
('Testing submission ', 18)
-1
-----------------------------------------------------------------
('Testing submission ', 19)
-1
-----------------------------------------------------------------
('Testing submission ', 20)
-1
-----------------------------------------------------------------
